app/build/intermediates/manifest_merge_blame_file/debug/manifest-merger-blame-debug-report.txt
1<?xml version="1.0" encoding="utf-8"?>
2<manifest xmlns:android="http://schemas.android.com/apk/res/android"
3    package="net.sourceforge.opencamera"
4    android:installLocation="auto"
5    android:versionCode="74"
6    android:versionName="1.47.3" >
7
8    <uses-sdk
9        android:minSdkVersion="15"
9-->src/main/AndroidManifest.xml
10        android:targetSdkVersion="28" />
10-->src/main/AndroidManifest.xml
11
12    <supports-screens
12-->src/main/AndroidManifest.xml:10:5-164
13        android:anyDensity="true"
13-->src/main/AndroidManifest.xml:10:137-162
14        android:largeScreens="true"
14-->src/main/AndroidManifest.xml:10:52-79
15        android:normalScreens="true"
15-->src/main/AndroidManifest.xml:10:80-108
16        android:smallScreens="true"
16-->src/main/AndroidManifest.xml:10:109-136
17        android:xlargeScreens="true" />
17-->src/main/AndroidManifest.xml:10:23-51
18
19    <uses-permission android:name="android.permission.BLUETOOTH" />
19-->src/main/AndroidManifest.xml:12:5-68
19-->src/main/AndroidManifest.xml:12:22-65
20    <uses-permission android:name="android.permission.BLUETOOTH_ADMIN" />
20-->src/main/AndroidManifest.xml:13:5-74
20-->src/main/AndroidManifest.xml:13:22-71
21    <uses-permission android:name="android.permission.WRITE_EXTERNAL_STORAGE" />
21-->src/main/AndroidManifest.xml:14:5-81
21-->src/main/AndroidManifest.xml:14:22-78
22    <uses-permission android:name="android.permission.CAMERA" />
22-->src/main/AndroidManifest.xml:15:5-65
22-->src/main/AndroidManifest.xml:15:22-62
23    <uses-permission android:name="android.permission.RECORD_AUDIO" />
23-->src/main/AndroidManifest.xml:16:5-71
23-->src/main/AndroidManifest.xml:16:22-68
24    <uses-permission android:name="android.permission.ACCESS_FINE_LOCATION" />
24-->src/main/AndroidManifest.xml:17:5-79
24-->src/main/AndroidManifest.xml:17:22-76
25
26    <uses-feature android:name="android.hardware.camera" />
26-->src/main/AndroidManifest.xml:19:5-60
26-->src/main/AndroidManifest.xml:19:19-57
27    <uses-feature android:name="android.hardware.microphone" />
27-->src/main/AndroidManifest.xml:20:5-64
27-->src/main/AndroidManifest.xml:20:19-61
28    <uses-feature
28-->src/main/AndroidManifest.xml:21:5-90
29        android:name="android.hardware.bluetooth_le"
29-->src/main/AndroidManifest.xml:21:19-63
30        android:required="false" />
30-->src/main/AndroidManifest.xml:21:64-88
31
32    <application
32-->src/main/AndroidManifest.xml:23:5-150:19
33        android:name="net.sourceforge.opencamera.OpenCameraApplication"
33-->src/main/AndroidManifest.xml:27:9-46
34        android:allowBackup="true"
34-->src/main/AndroidManifest.xml:24:9-35
35        android:appComponentFactory="android.support.v4.app.CoreComponentFactory"
35-->[com.android.support:support-compat:28.0.0] AndroidManifest.xml:22:18-91
36        android:debuggable="true"
37        android:icon="@mipmap/ic_launcher"
37-->src/main/AndroidManifest.xml:25:9-43
38        android:label="@string/app_name"
38-->src/main/AndroidManifest.xml:26:9-41
39        android:largeHeap="true"
39-->src/main/AndroidManifest.xml:29:9-33
40        android:theme="@style/AppTheme" >
40-->src/main/AndroidManifest.xml:28:9-40
41
42        <!-- should not change the android:name, including moving to a subpackage - see http://android-developers.blogspot.co.uk/2011/06/things-that-cannot-change.html -->
43        <activity
43-->src/main/AndroidManifest.xml:32:9-70:20
44            android:name="net.sourceforge.opencamera.MainActivity"
44-->src/main/AndroidManifest.xml:33:13-67
45            android:clearTaskOnLaunch="true"
45-->src/main/AndroidManifest.xml:37:13-45
46            android:configChanges="orientation|screenSize|keyboardHidden"
46-->src/main/AndroidManifest.xml:36:13-74
47            android:label="@string/app_name"
47-->src/main/AndroidManifest.xml:34:13-45
48            android:screenOrientation="portrait" >
48-->src/main/AndroidManifest.xml:35:13-49
49
50            <!-- clearTaskOnLaunch set to true, so if user goes to gallery then returns to home, we return to the camera rather than remaining in gallery if user relaunches Open Camera -->
51            <intent-filter>
51-->src/main/AndroidManifest.xml:40:13-44:29
52                <action android:name="android.intent.action.MAIN" />
52-->src/main/AndroidManifest.xml:41:17-69
52-->src/main/AndroidManifest.xml:41:25-66
53
54                <category android:name="android.intent.category.LAUNCHER" />
54-->src/main/AndroidManifest.xml:42:17-77
54-->src/main/AndroidManifest.xml:42:27-74
55                <category android:name="android.intent.category.DEFAULT" />
55-->src/main/AndroidManifest.xml:43:17-76
55-->src/main/AndroidManifest.xml:43:27-73
56            </intent-filter>
57            <intent-filter>
57-->src/main/AndroidManifest.xml:45:13-48:29
58                <action android:name="android.media.action.IMAGE_CAPTURE" />
58-->src/main/AndroidManifest.xml:46:17-77
58-->src/main/AndroidManifest.xml:46:25-74
59
60                <category android:name="android.intent.category.DEFAULT" />
60-->src/main/AndroidManifest.xml:43:17-76
60-->src/main/AndroidManifest.xml:43:27-73
61            </intent-filter>
62            <intent-filter>
62-->src/main/AndroidManifest.xml:49:13-52:29
63                <action android:name="android.media.action.IMAGE_CAPTURE_SECURE" />
63-->src/main/AndroidManifest.xml:50:17-84
63-->src/main/AndroidManifest.xml:50:25-81
64
65                <category android:name="android.intent.category.DEFAULT" />
65-->src/main/AndroidManifest.xml:43:17-76
65-->src/main/AndroidManifest.xml:43:27-73
66            </intent-filter>
67            <intent-filter>
67-->src/main/AndroidManifest.xml:53:13-56:29
68                <action android:name="android.media.action.STILL_IMAGE_CAMERA" />
68-->src/main/AndroidManifest.xml:54:17-82
68-->src/main/AndroidManifest.xml:54:25-79
69
70                <category android:name="android.intent.category.DEFAULT" />
70-->src/main/AndroidManifest.xml:43:17-76
70-->src/main/AndroidManifest.xml:43:27-73
71            </intent-filter>
72            <intent-filter>
72-->src/main/AndroidManifest.xml:57:13-60:29
73                <action android:name="android.media.action.STILL_IMAGE_CAMERA_SECURE" />
73-->src/main/AndroidManifest.xml:58:17-89
73-->src/main/AndroidManifest.xml:58:25-86
74
75                <category android:name="android.intent.category.DEFAULT" />
75-->src/main/AndroidManifest.xml:43:17-76
75-->src/main/AndroidManifest.xml:43:27-73
76            </intent-filter>
77            <intent-filter>
77-->src/main/AndroidManifest.xml:61:13-64:29
78                <action android:name="android.media.action.VIDEO_CAMERA" />
78-->src/main/AndroidManifest.xml:62:17-76
78-->src/main/AndroidManifest.xml:62:25-73
79
80                <category android:name="android.intent.category.DEFAULT" />
80-->src/main/AndroidManifest.xml:43:17-76
80-->src/main/AndroidManifest.xml:43:27-73
81            </intent-filter>
82            <intent-filter>
82-->src/main/AndroidManifest.xml:65:13-68:29
83                <action android:name="android.media.action.VIDEO_CAPTURE" />
83-->src/main/AndroidManifest.xml:66:17-77
83-->src/main/AndroidManifest.xml:66:25-74
84
85                <category android:name="android.intent.category.DEFAULT" />
85-->src/main/AndroidManifest.xml:43:17-76
85-->src/main/AndroidManifest.xml:43:27-73
86            </intent-filter>
87
88            <meta-data
88-->src/main/AndroidManifest.xml:69:13-97
89                android:name="android.app.shortcuts"
89-->src/main/AndroidManifest.xml:69:24-60
90                android:resource="@xml/shortcuts" />
90-->src/main/AndroidManifest.xml:69:61-94
91        </activity>
92        <activity
92-->src/main/AndroidManifest.xml:71:9-79:20
93            android:name="net.sourceforge.opencamera.remotecontrol.DeviceScanner"
93-->src/main/AndroidManifest.xml:72:13-82
94            android:label="@string/scan_ble" >
94-->src/main/AndroidManifest.xml:73:13-45
95            <intent-filter>
95-->src/main/AndroidManifest.xml:75:13-78:29
96                <action android:name="net.sourceforge.opencamera.Remotecontrol.DeviceScanner" />
96-->src/main/AndroidManifest.xml:76:17-96
96-->src/main/AndroidManifest.xml:76:25-94
97
98                <category android:name="android.intent.category.DEFAULT" />
98-->src/main/AndroidManifest.xml:43:17-76
98-->src/main/AndroidManifest.xml:43:27-73
99            </intent-filter>
100        </activity>
101
102        <!-- should not change the android:name, including moving to a subpackage - see http://android-developers.blogspot.co.uk/2011/06/things-that-cannot-change.html -->
103        <activity
103-->src/main/AndroidManifest.xml:82:9-91:20
104            android:name="net.sourceforge.opencamera.TakePhoto"
104-->src/main/AndroidManifest.xml:83:13-37
105            android:configChanges="orientation|screenSize|keyboardHidden"
105-->src/main/AndroidManifest.xml:87:13-74
106            android:excludeFromRecents="true"
106-->src/main/AndroidManifest.xml:89:13-46
107            android:icon="@drawable/ic_launcher_take_photo"
107-->src/main/AndroidManifest.xml:85:13-60
108            android:label="@string/take_photo"
108-->src/main/AndroidManifest.xml:84:13-47
109            android:screenOrientation="landscape"
109-->src/main/AndroidManifest.xml:86:13-50
110            android:taskAffinity="" >
110-->src/main/AndroidManifest.xml:88:13-36
111        </activity>
112        <!-- should not change the android:name, including moving to a subpackage - see http://android-developers.blogspot.co.uk/2011/06/things-that-cannot-change.html -->
113        <receiver
113-->src/main/AndroidManifest.xml:93:9-106:20
114            android:name="net.sourceforge.opencamera.MyWidgetProvider"
114-->src/main/AndroidManifest.xml:96:13-44
115            android:icon="@mipmap/ic_launcher"
115-->src/main/AndroidManifest.xml:94:13-47
116            android:label="@string/app_name" >
116-->src/main/AndroidManifest.xml:95:13-45
117            <intent-filter>
117-->src/main/AndroidManifest.xml:97:13-99:29
118                <action android:name="android.appwidget.action.APPWIDGET_UPDATE" />
118-->src/main/AndroidManifest.xml:98:18-85
118-->src/main/AndroidManifest.xml:98:26-82
119            </intent-filter>
120            <!--
121            <intent-filter> 
122                <action android:name="net.sourceforge.opencamera.LAUNCH_OPEN_CAMERA"/> 
123            </intent-filter>
124            -->
125            <meta-data
125-->src/main/AndroidManifest.xml:103:13-105:54
126                android:name="android.appwidget.provider"
126-->src/main/AndroidManifest.xml:104:16-57
127                android:resource="@xml/widget_info" />
127-->src/main/AndroidManifest.xml:105:16-51
128        </receiver>
129        <!-- should not change the android:name, including moving to a subpackage - see http://android-developers.blogspot.co.uk/2011/06/things-that-cannot-change.html -->
130        <receiver
130-->src/main/AndroidManifest.xml:108:9-118:20
131            android:name="net.sourceforge.opencamera.MyWidgetProviderTakePhoto"
131-->src/main/AndroidManifest.xml:111:13-53
132            android:icon="@drawable/ic_launcher_take_photo"
132-->src/main/AndroidManifest.xml:109:13-60
133            android:label="@string/take_photo" >
133-->src/main/AndroidManifest.xml:110:13-47
134            <intent-filter>
134-->src/main/AndroidManifest.xml:97:13-99:29
135                <action android:name="android.appwidget.action.APPWIDGET_UPDATE" />
135-->src/main/AndroidManifest.xml:98:18-85
135-->src/main/AndroidManifest.xml:98:26-82
136            </intent-filter>
137
138            <meta-data
138-->src/main/AndroidManifest.xml:103:13-105:54
139                android:name="android.appwidget.provider"
139-->src/main/AndroidManifest.xml:104:16-57
140                android:resource="@xml/widget_info_take_photo" />
140-->src/main/AndroidManifest.xml:105:16-51
141        </receiver>
142        <!-- should not change the android:name, including moving to a subpackage - see http://android-developers.blogspot.co.uk/2011/06/things-that-cannot-change.html -->
143        <service
143-->src/main/AndroidManifest.xml:120:9-128:19
144            android:name="net.sourceforge.opencamera.MyTileService"
144-->src/main/AndroidManifest.xml:121:13-68
145            android:icon="@drawable/ic_photo_camera_white_48dp"
145-->src/main/AndroidManifest.xml:122:13-64
146            android:label="@string/camera"
146-->src/main/AndroidManifest.xml:123:13-43
147            android:permission="android.permission.BIND_QUICK_SETTINGS_TILE" >
147-->src/main/AndroidManifest.xml:124:13-77
148            <intent-filter>
148-->src/main/AndroidManifest.xml:125:13-127:29
149                <action android:name="android.service.quicksettings.action.QS_TILE" />
149-->src/main/AndroidManifest.xml:126:17-87
149-->src/main/AndroidManifest.xml:126:25-84
150            </intent-filter>
151        </service>
152        <!-- should not change the android:name, including moving to a subpackage - see http://android-developers.blogspot.co.uk/2011/06/things-that-cannot-change.html -->
153        <service
153-->src/main/AndroidManifest.xml:130:9-138:19
154            android:name="net.sourceforge.opencamera.MyTileServiceVideo"
154-->src/main/AndroidManifest.xml:131:13-73
155            android:icon="@drawable/ic_videocam_white_48dp"
155-->src/main/AndroidManifest.xml:132:13-60
156            android:label="@string/record_video"
156-->src/main/AndroidManifest.xml:133:13-49
157            android:permission="android.permission.BIND_QUICK_SETTINGS_TILE" >
157-->src/main/AndroidManifest.xml:134:13-77
158            <intent-filter>
158-->src/main/AndroidManifest.xml:125:13-127:29
159                <action android:name="android.service.quicksettings.action.QS_TILE" />
159-->src/main/AndroidManifest.xml:126:17-87
159-->src/main/AndroidManifest.xml:126:25-84
160            </intent-filter>
161        </service>
162        <!-- should not change the android:name, including moving to a subpackage - see http://android-developers.blogspot.co.uk/2011/06/things-that-cannot-change.html -->
163        <service
163-->src/main/AndroidManifest.xml:140:9-148:19
164            android:name="net.sourceforge.opencamera.MyTileServiceFrontCamera"
164-->src/main/AndroidManifest.xml:141:13-79
165            android:icon="@drawable/ic_face_white_48dp"
165-->src/main/AndroidManifest.xml:142:13-56
166            android:label="@string/selfie"
166-->src/main/AndroidManifest.xml:143:13-43
167            android:permission="android.permission.BIND_QUICK_SETTINGS_TILE" >
167-->src/main/AndroidManifest.xml:144:13-77
168            <intent-filter>
168-->src/main/AndroidManifest.xml:125:13-127:29
169                <action android:name="android.service.quicksettings.action.QS_TILE" />
169-->src/main/AndroidManifest.xml:126:17-87
169-->src/main/AndroidManifest.xml:126:25-84
170            </intent-filter>
171        </service>
172        <service
172-->src/main/AndroidManifest.xml:149:9-117
173            android:name="net.sourceforge.opencamera.remotecontrol.BluetoothLeService"
173-->src/main/AndroidManifest.xml:149:18-92
174            android:enabled="true" />
174-->src/main/AndroidManifest.xml:149:93-115
175    </application>
176
177</manifest>